# JRE version: OpenJDK Runtime Environment (8.0) (build 1.8.0-adoptopenjdk-_2018_05_19_00_59-b00)
# Java VM: OpenJDK 64-Bit Server VM (25.71-b00 mixed mode windows-amd64 compressed oops)
Heap:
 PSYoungGen      total 24064K, used 16706K [0x00000000e5800000, 0x00000000e7280000, 0x0000000100000000)
  eden space 20992K, 65% used [0x00000000e5800000,0x00000000e65584b8,0x00000000e6c80000)
  from space 3072K, 99% used [0x00000000e6f80000,0x00000000e7278548,0x00000000e7280000)
  to   space 3072K, 0% used [0x00000000e6c80000,0x00000000e6c80000,0x00000000e6f80000)
 ParOldGen       total 54784K, used 5650K [0x00000000b0800000, 0x00000000b3d80000, 0x00000000e5800000)
  object space 54784K, 10% used [0x00000000b0800000,0x00000000b0d84a28,0x00000000b3d80000)
 Metaspace       used 17799K, capacity 18234K, committed 18304K, reserved 1064960K
  class space    used 2012K, capacity 2145K, committed 2176K, reserved 1048576K
GC Heap History (10 events):
Event: 5.061 GC heap before
{Heap before GC invocations=2 (full 0):
 PSYoungGen      total 24064K, used 24035K [0x00000000e5800000, 0x00000000e7280000, 0x0000000100000000)
  eden space 20992K, 100% used [0x00000000e5800000,0x00000000e6c80000,0x00000000e6c80000)
  from space 3072K, 99% used [0x00000000e6c80000,0x00000000e6f78d30,0x00000000e6f80000)
  to   space 3072K, 0% used [0x00000000e6f80000,0x00000000e6f80000,0x00000000e7280000)
 ParOldGen       total 54784K, used 1428K [0x00000000b0800000, 0x00000000b3d80000, 0x00000000e5800000)
  object space 54784K, 2% used [0x00000000b0800000,0x00000000b0965058,0x00000000b3d80000)
 Metaspace       used 16929K, capacity 17272K, committed 17536K, reserved 1064960K
  class space    used 1976K, capacity 2086K, committed 2176K, reserved 1048576K
Event: 5.074 GC heap after
Heap after GC invocations=2 (full 0):
 PSYoungGen      total 24064K, used 3045K [0x00000000e5800000, 0x00000000e7280000, 0x0000000100000000)
  eden space 20992K, 0% used [0x00000000e5800000,0x00000000e5800000,0x00000000e6c80000)
  from space 3072K, 99% used [0x00000000e6f80000,0x00000000e7279500,0x00000000e7280000)
  to   space 3072K, 0% used [0x00000000e6c80000,0x00000000e6c80000,0x00000000e6f80000)
 ParOldGen       total 54784K, used 4153K [0x00000000b0800000, 0x00000000b3d80000, 0x00000000e5800000)
  object space 54784K, 7% used [0x00000000b0800000,0x00000000b0c0e400,0x00000000b3d80000)
 Metaspace       used 16929K, capacity 17272K, committed 17536K, reserved 1064960K
  class space    used 1976K, capacity 2086K, committed 2176K, reserved 1048576K
}
Event: 6.343 GC heap before
{Heap before GC invocations=3 (full 0):
 PSYoungGen      total 24064K, used 24037K [0x00000000e5800000, 0x00000000e7280000, 0x0000000100000000)
  eden space 20992K, 100% used [0x00000000e5800000,0x00000000e6c80000,0x00000000e6c80000)
  from space 3072K, 99% used [0x00000000e6f80000,0x00000000e7279500,0x00000000e7280000)
  to   space 3072K, 0% used [0x00000000e6c80000,0x00000000e6c80000,0x00000000e6f80000)
 ParOldGen       total 54784K, used 4153K [0x00000000b0800000, 0x00000000b3d80000, 0x00000000e5800000)
  object space 54784K, 7% used [0x00000000b0800000,0x00000000b0c0e400,0x00000000b3d80000)
 Metaspace       used 17371K, capacity 17746K, committed 18048K, reserved 1064960K
  class space    used 1992K, capacity 2101K, committed 2176K, reserved 1048576K
Event: 6.351 GC heap after
Heap after GC invocations=3 (full 0):
 PSYoungGen      total 24064K, used 3041K [0x00000000e5800000, 0x00000000e7280000, 0x0000000100000000)
  eden space 20992K, 0% used [0x00000000e5800000,0x00000000e5800000,0x00000000e6c80000)
  from space 3072K, 99% used [0x00000000e6c80000,0x00000000e6f78698,0x00000000e6f80000)
  to   space 3072K, 0% used [0x00000000e6f80000,0x00000000e6f80000,0x00000000e7280000)
 ParOldGen       total 54784K, used 4788K [0x00000000b0800000, 0x00000000b3d80000, 0x00000000e5800000)
  object space 54784K, 8% used [0x00000000b0800000,0x00000000b0cad028,0x00000000b3d80000)
 Metaspace       used 17371K, capacity 17746K, committed 18048K, reserved 1064960K
  class space    used 1992K, capacity 2101K, committed 2176K, reserved 1048576K
}
Event: 7.085 GC heap before
{Heap before GC invocations=4 (full 0):
 PSYoungGen      total 24064K, used 24033K [0x00000000e5800000, 0x00000000e7280000, 0x0000000100000000)
  eden space 20992K, 100% used [0x00000000e5800000,0x00000000e6c80000,0x00000000e6c80000)
  from space 3072K, 99% used [0x00000000e6c80000,0x00000000e6f78698,0x00000000e6f80000)
  to   space 3072K, 0% used [0x00000000e6f80000,0x00000000e6f80000,0x00000000e7280000)
 ParOldGen       total 54784K, used 4788K [0x00000000b0800000, 0x00000000b3d80000, 0x00000000e5800000)
  object space 54784K, 8% used [0x00000000b0800000,0x00000000b0cad028,0x00000000b3d80000)
 Metaspace       used 17472K, capacity 17816K, committed 18048K, reserved 1064960K
  class space    used 1992K, capacity 2102K, committed 2176K, reserved 1048576K
Event: 7.091 GC heap after
Heap after GC invocations=4 (full 0):
 PSYoungGen      total 24064K, used 3057K [0x00000000e5800000, 0x00000000e7280000, 0x0000000100000000)
  eden space 20992K, 0% used [0x00000000e5800000,0x00000000e5800000,0x00000000e6c80000)
  from space 3072K, 99% used [0x00000000e6f80000,0x00000000e727c530,0x00000000e7280000)
  to   space 3072K, 0% used [0x00000000e6c80000,0x00000000e6c80000,0x00000000e6f80000)
 ParOldGen       total 54784K, used 4970K [0x00000000b0800000, 0x00000000b3d80000, 0x00000000e5800000)
  object space 54784K, 9% used [0x00000000b0800000,0x00000000b0cda9a0,0x00000000b3d80000)
 Metaspace       used 17472K, capacity 17816K, committed 18048K, reserved 1064960K
  class space    used 1992K, capacity 2102K, committed 2176K, reserved 1048576K
}
Event: 8.052 GC heap before
{Heap before GC invocations=5 (full 0):
 PSYoungGen      total 24064K, used 24049K [0x00000000e5800000, 0x00000000e7280000, 0x0000000100000000)
  eden space 20992K, 100% used [0x00000000e5800000,0x00000000e6c80000,0x00000000e6c80000)
  from space 3072K, 99% used [0x00000000e6f80000,0x00000000e727c530,0x00000000e7280000)
  to   space 3072K, 0% used [0x00000000e6c80000,0x00000000e6c80000,0x00000000e6f80000)
 ParOldGen       total 54784K, used 4970K [0x00000000b0800000, 0x00000000b3d80000, 0x00000000e5800000)
  object space 54784K, 9% used [0x00000000b0800000,0x00000000b0cda9a0,0x00000000b3d80000)
 Metaspace       used 17512K, capacity 17880K, committed 18048K, reserved 1064960K
  class space    used 1992K, capacity 2102K, committed 2176K, reserved 1048576K
Event: 8.061 GC heap after
Heap after GC invocations=5 (full 0):
 PSYoungGen      total 24064K, used 3041K [0x00000000e5800000, 0x00000000e7280000, 0x0000000100000000)
  eden space 20992K, 0% used [0x00000000e5800000,0x00000000e5800000,0x00000000e6c80000)
  from space 3072K, 99% used [0x00000000e6c80000,0x00000000e6f78688,0x00000000e6f80000)
  to   space 3072K, 0% used [0x00000000e6f80000,0x00000000e6f80000,0x00000000e7280000)
 ParOldGen       total 54784K, used 5235K [0x00000000b0800000, 0x00000000b3d80000, 0x00000000e5800000)
  object space 54784K, 9% used [0x00000000b0800000,0x00000000b0d1cfe8,0x00000000b3d80000)
 Metaspace       used 17512K, capacity 17880K, committed 18048K, reserved 1064960K
  class space    used 1992K, capacity 2102K, committed 2176K, reserved 1048576K
}
Event: 9.398 GC heap before
{Heap before GC invocations=6 (full 0):
 PSYoungGen      total 24064K, used 23958K [0x00000000e5800000, 0x00000000e7280000, 0x0000000100000000)
  eden space 20992K, 99% used [0x00000000e5800000,0x00000000e6c6d4b8,0x00000000e6c80000)
  from space 3072K, 99% used [0x00000000e6c80000,0x00000000e6f78688,0x00000000e6f80000)
  to   space 3072K, 0% used [0x00000000e6f80000,0x00000000e6f80000,0x00000000e7280000)
 ParOldGen       total 54784K, used 5235K [0x00000000b0800000, 0x00000000b3d80000, 0x00000000e5800000)
  object space 54784K, 9% used [0x00000000b0800000,0x00000000b0d1cfe8,0x00000000b3d80000)
 Metaspace       used 17690K, capacity 18082K, committed 18304K, reserved 1064960K
  class space    used 2008K, capacity 2141K, committed 2176K, reserved 1048576K
Event: 9.408 GC heap after
Heap after GC invocations=6 (full 0):
 PSYoungGen      total 24064K, used 3041K [0x00000000e5800000, 0x00000000e7280000, 0x0000000100000000)
  eden space 20992K, 0% used [0x00000000e5800000,0x00000000e5800000,0x00000000e6c80000)
  from space 3072K, 99% used [0x00000000e6f80000,0x00000000e7278548,0x00000000e7280000)
  to   space 3072K, 0% used [0x00000000e6c80000,0x00000000e6c80000,0x00000000e6f80000)
 ParOldGen       total 54784K, used 5650K [0x00000000b0800000, 0x00000000b3d80000, 0x00000000e5800000)
  object space 54784K, 10% used [0x00000000b0800000,0x00000000b0d84a28,0x00000000b3d80000)
 Metaspace       used 17690K, capacity 18082K, committed 18304K, reserved 1064960K
  class space    used 2008K, capacity 2141K, committed 2176K, reserved 1048576K
}

